Using pre-set license
Built from '2020.3/release' branch; Version is '2020.3.15f2 (6cf78cb77498) revision 7141260'; Using compiler version '192528614'; Build Type 'Release'
OS: 'Windows 10 Pro; OS build 19042.985; Version 2009; 64bit' Language: 'en' Physical Memory: 16324 MB
BatchMode: 1, IsHumanControllingUs: 0, StartBugReporterOnCrash: 0, Is64bit: 1, IsPro: 0

 COMMAND LINE ARGUMENTS:
C:\Program Files\Unity\Hub\Editor\2020.3.15f2\Editor\Unity.exe
-adb2
-batchMode
-noUpm
-name
AssetImportWorker0
-projectPath
F:/Cliqpack/R&D/AR face filter Demo/ARFaceFilterDemo
-logFile
Logs/AssetImportWorker0.log
-srvPort
53000
Successfully changed project path to: F:/Cliqpack/R&D/AR face filter Demo/ARFaceFilterDemo
F:/Cliqpack/R&D/AR face filter Demo/ARFaceFilterDemo
Using Asset Import Pipeline V2.
Refreshing native plugins compatible for Editor in 29.16 ms, found 2 plugins.
Preloading 0 native plugins for Editor in 0.00 ms.
Initialize engine version: 2020.3.15f2 (6cf78cb77498)
[Subsystems] Discovering subsystems at path C:/Program Files/Unity/Hub/Editor/2020.3.15f2/Editor/Data/Resources/UnitySubsystems
[Subsystems] Discovering subsystems at path F:/Cliqpack/R&D/AR face filter Demo/ARFaceFilterDemo/Assets
GfxDevice: creating device client; threaded=0
Direct3D:
    Version:  Direct3D 11.0 [level 11.1]
    Renderer: NVIDIA GeForce GTX 1660 Ti (ID=0x2182)
    Vendor:   
    VRAM:     5991 MB
    Driver:   30.0.14.7141
Initialize mono
Mono path[0] = 'C:/Program Files/Unity/Hub/Editor/2020.3.15f2/Editor/Data/Managed'
Mono path[1] = 'C:/Program Files/Unity/Hub/Editor/2020.3.15f2/Editor/Data/MonoBleedingEdge/lib/mono/unityjit'
Mono config path = 'C:/Program Files/Unity/Hub/Editor/2020.3.15f2/Editor/Data/MonoBleedingEdge/etc'
Using monoOptions --debugger-agent=transport=dt_socket,embedding=1,server=y,suspend=n,address=127.0.0.1:56388
Begin MonoManager ReloadAssembly
Registering precompiled unity dll's ...
Register platform support module: C:/Program Files/Unity/Hub/Editor/2020.3.15f2/Editor/Data/PlaybackEngines/WebGLSupport/UnityEditor.WebGL.Extensions.dll
Register platform support module: C:/Program Files/Unity/Hub/Editor/2020.3.15f2/Editor/Data/PlaybackEngines/WindowsStandaloneSupport/UnityEditor.WindowsStandalone.Extensions.dll
Registered in 0.001498 seconds.
Native extension for WindowsStandalone target not found
Native extension for WebGL target not found
Refreshing native plugins compatible for Editor in 28.95 ms, found 2 plugins.
Preloading 0 native plugins for Editor in 0.00 ms.
Mono: successfully reloaded assembly
- Completed reload, in  1.337 seconds
Domain Reload Profiling:
	ReloadAssembly (1338ms)
		BeginReloadAssembly (42ms)
			ExecutionOrderSort (0ms)
			DisableScriptedObjects (0ms)
			BackupInstance (0ms)
			ReleaseScriptingObjects (0ms)
			CreateAndSetChildDomain (1ms)
		EndReloadAssembly (336ms)
			LoadAssemblies (41ms)
			RebuildTransferFunctionScriptingTraits (0ms)
			SetupTypeCache (122ms)
			ReleaseScriptCaches (0ms)
			RebuildScriptCaches (27ms)
			SetupLoadedEditorAssemblies (132ms)
				LogAssemblyErrors (0ms)
				InitializePlatformSupportModulesInManaged (4ms)
				SetLoadedEditorAssemblies (0ms)
				RefreshPlugins (29ms)
				BeforeProcessingInitializeOnLoad (11ms)
				ProcessInitializeOnLoadAttributes (66ms)
				ProcessInitializeOnLoadMethodAttributes (22ms)
				AfterProcessingInitializeOnLoad (0ms)
				EditorAssembliesLoaded (0ms)
			ExecutionOrderSort2 (0ms)
			AwakeInstancesAfterBackupRestoration (0ms)
Platform modules already initialized, skipping
Registering precompiled user dll's ...
Registered in 0.002022 seconds.
Begin MonoManager ReloadAssembly
Native extension for WindowsStandalone target not found
Native extension for WebGL target not found
Refreshing native plugins compatible for Editor in 0.38 ms, found 2 plugins.
Preloading 0 native plugins for Editor in 0.00 ms.
Mono: successfully reloaded assembly
- Completed reload, in  0.946 seconds
Domain Reload Profiling:
	ReloadAssembly (947ms)
		BeginReloadAssembly (124ms)
			ExecutionOrderSort (0ms)
			DisableScriptedObjects (4ms)
			BackupInstance (0ms)
			ReleaseScriptingObjects (0ms)
			CreateAndSetChildDomain (16ms)
		EndReloadAssembly (771ms)
			LoadAssemblies (69ms)
			RebuildTransferFunctionScriptingTraits (0ms)
			SetupTypeCache (226ms)
			ReleaseScriptCaches (0ms)
			RebuildScriptCaches (39ms)
			SetupLoadedEditorAssemblies (349ms)
				LogAssemblyErrors (0ms)
				InitializePlatformSupportModulesInManaged (5ms)
				SetLoadedEditorAssemblies (0ms)
				RefreshPlugins (0ms)
				BeforeProcessingInitializeOnLoad (82ms)
				ProcessInitializeOnLoadAttributes (253ms)
				ProcessInitializeOnLoadMethodAttributes (4ms)
				AfterProcessingInitializeOnLoad (4ms)
				EditorAssembliesLoaded (0ms)
			ExecutionOrderSort2 (0ms)
			AwakeInstancesAfterBackupRestoration (5ms)
Platform modules already initialized, skipping
========================================================================
Worker process is ready to serve import requests
Launched and connected shader compiler UnityShaderCompiler.exe after 0.05 seconds
Refreshing native plugins compatible for Editor in 0.37 ms, found 2 plugins.
Preloading 0 native plugins for Editor in 0.00 ms.
Unloading 1741 Unused Serialized files (Serialized files now loaded: 0)
System memory in use before: 76.2 MB.
System memory in use after: 76.3 MB.

Unloading 21 unused Assets to reduce memory usage. Loaded Objects now: 2175.
Total: 2.050900 ms (FindLiveObjects: 0.172900 ms CreateObjectMapping: 0.040700 ms MarkObjects: 1.764600 ms  DeleteObjects: 0.071800 ms)

AssetImportParameters requested are different than current active one (requested -> active):
  custom:framework-win-MediaFoundation: 216162199b28c13a410421893ffa2e32 -> 
  custom:video-decoder-ogg-theora: a1e56fd34408186e4bbccfd4996cb3dc -> 
  custom:container-muxer-webm: aa71ff27fc2769a1b78a27578f13a17b -> 
  custom:container-demuxer-webm: 4f35f7cbe854078d1ac9338744f61a02 -> 
  custom:container-demuxer-ogg: 62fdf1f143b41e24485cea50d1cbac27 -> 
  custom:video-encoder-webm-vp8: eb34c28f22e8b96e1ab97ce403110664 -> 
  custom:video-decoder-webm-vp8: 9c59270c3fd7afecdb556c50c9e8de78 -> 
  custom:audio-decoder-ogg-vorbis: bf7c407c2cedff20999df2af8eb42d56 -> 
  custom:audio-encoder-webm-vorbis: bf7c407c2cedff20999df2af8eb42d56 -> 
========================================================================
Received Import Request.
  path: Assets/Materials
  artifactKey: Guid(4bbe995d57c0d0842afac8f9c7061c7e) Importer(815301076,1909f56bfc062723c751e8b465ee728b)
Start importing Assets/Materials using Guid(4bbe995d57c0d0842afac8f9c7061c7e) Importer(815301076,1909f56bfc062723c751e8b465ee728b)  -> (artifact id: '5eed834a6a830fae413f8e524917a0f1') in 0.008219 seconds 
  Import took 0.010968 seconds .

========================================================================
Received Import Request.
  Time since last request: 11.783563 seconds.
  path: Assets/Prefab
  artifactKey: Guid(ca3712a74cce5204cbefd370438f5b4b) Importer(815301076,1909f56bfc062723c751e8b465ee728b)
Start importing Assets/Prefab using Guid(ca3712a74cce5204cbefd370438f5b4b) Importer(815301076,1909f56bfc062723c751e8b465ee728b)  -> (artifact id: '441da19f630de3a3c98e2b4096da9dd7') in 0.005338 seconds 
  Import took 0.007821 seconds .

========================================================================
Received Import Request.
  Time since last request: 12.604122 seconds.
  path: Assets/Prefabs
  artifactKey: Guid(ca3712a74cce5204cbefd370438f5b4b) Importer(815301076,1909f56bfc062723c751e8b465ee728b)
Start importing Assets/Prefabs using Guid(ca3712a74cce5204cbefd370438f5b4b) Importer(815301076,1909f56bfc062723c751e8b465ee728b)  -> (artifact id: '79dff5e5a00e0859dc2ade1fa80b1277') in 0.005289 seconds 
  Import took 0.007813 seconds .

========================================================================
Received Import Request.
  Time since last request: 6.107345 seconds.
  path: Assets/Scripts
  artifactKey: Guid(22a9eb6c4f65bc145813a4c65ece0b7f) Importer(815301076,1909f56bfc062723c751e8b465ee728b)
Start importing Assets/Scripts using Guid(22a9eb6c4f65bc145813a4c65ece0b7f) Importer(815301076,1909f56bfc062723c751e8b465ee728b)  -> (artifact id: '250b773e1ccaa1bc8d794678c25d1dab') in 0.005173 seconds 
  Import took 0.007818 seconds .

========================================================================
Received Import Request.
  Time since last request: 10.620067 seconds.
  path: Assets/Shaders
  artifactKey: Guid(0dc26e1d3a227f940a0d19e64ddbb227) Importer(815301076,1909f56bfc062723c751e8b465ee728b)
Start importing Assets/Shaders using Guid(0dc26e1d3a227f940a0d19e64ddbb227) Importer(815301076,1909f56bfc062723c751e8b465ee728b)  -> (artifact id: 'e9b106858d7e09d54db2a6f1e7eb7eb6') in 0.005149 seconds 
  Import took 0.007652 seconds .

========================================================================
Received Import Request.
  Time since last request: 14.978638 seconds.
  path: Assets/Textures
  artifactKey: Guid(f0045ae0309fc3940a42779093155007) Importer(815301076,1909f56bfc062723c751e8b465ee728b)
Start importing Assets/Textures using Guid(f0045ae0309fc3940a42779093155007) Importer(815301076,1909f56bfc062723c751e8b465ee728b)  -> (artifact id: '3dc6bffaacc4f375ece99c7596e34b84') in 0.005179 seconds 
  Import took 0.007865 seconds .

========================================================================
Received Import Request.
  Time since last request: 280.656442 seconds.
  path: Assets/Prefabs/FacePrefab.prefab
  artifactKey: Guid(b9887c363fd490d408a8917b8f0fe69a) Importer(815301076,1909f56bfc062723c751e8b465ee728b)
Start importing Assets/Prefabs/FacePrefab.prefab using Guid(b9887c363fd490d408a8917b8f0fe69a) Importer(815301076,1909f56bfc062723c751e8b465ee728b)  -> (artifact id: '3c6ae64be2992af33260b7440182e81d') in 0.040106 seconds 
  Import took 0.043083 seconds .

========================================================================
Received Import Request.
  Time since last request: 286.905539 seconds.
  path: Assets/Scripts/MagicalFaceSwapper.cs
  artifactKey: Guid(6f0462820f9074647b68460a4fbbe585) Importer(815301076,1909f56bfc062723c751e8b465ee728b)
Start importing Assets/Scripts/MagicalFaceSwapper.cs using Guid(6f0462820f9074647b68460a4fbbe585) Importer(815301076,1909f56bfc062723c751e8b465ee728b)  -> (artifact id: 'dcbcc8ebddbf80acb45c548e1ce82d61') in 0.009590 seconds 
  Import took 0.012379 seconds .

========================================================================
Received Prepare
Registering precompiled user dll's ...
Registered in 0.002030 seconds.
Begin MonoManager ReloadAssembly
Native extension for WindowsStandalone target not found
Native extension for WebGL target not found
Refreshing native plugins compatible for Editor in 0.40 ms, found 2 plugins.
Preloading 0 native plugins for Editor in 0.00 ms.
Mono: successfully reloaded assembly
- Completed reload, in  0.947 seconds
Domain Reload Profiling:
	ReloadAssembly (947ms)
		BeginReloadAssembly (89ms)
			ExecutionOrderSort (0ms)
			DisableScriptedObjects (4ms)
			BackupInstance (0ms)
			ReleaseScriptingObjects (0ms)
			CreateAndSetChildDomain (28ms)
		EndReloadAssembly (806ms)
			LoadAssemblies (69ms)
			RebuildTransferFunctionScriptingTraits (0ms)
			SetupTypeCache (245ms)
			ReleaseScriptCaches (1ms)
			RebuildScriptCaches (33ms)
			SetupLoadedEditorAssemblies (370ms)
				LogAssemblyErrors (0ms)
				InitializePlatformSupportModulesInManaged (5ms)
				SetLoadedEditorAssemblies (0ms)
				RefreshPlugins (1ms)
				BeforeProcessingInitializeOnLoad (80ms)
				ProcessInitializeOnLoadAttributes (276ms)
				ProcessInitializeOnLoadMethodAttributes (3ms)
				AfterProcessingInitializeOnLoad (4ms)
				EditorAssembliesLoaded (0ms)
			ExecutionOrderSort2 (0ms)
			AwakeInstancesAfterBackupRestoration (6ms)
Platform modules already initialized, skipping
Refreshing native plugins compatible for Editor in 0.64 ms, found 2 plugins.
Preloading 0 native plugins for Editor in 0.00 ms.
Unloading 1733 Unused Serialized files (Serialized files now loaded: 0)
System memory in use before: 76.0 MB.
System memory in use after: 76.1 MB.

Unloading 16 unused Assets to reduce memory usage. Loaded Objects now: 2180.
Total: 2.072900 ms (FindLiveObjects: 0.177000 ms CreateObjectMapping: 0.043200 ms MarkObjects: 1.790100 ms  DeleteObjects: 0.061800 ms)

AssetImportParameters requested are different than current active one (requested -> active):
  custom:framework-win-MediaFoundation: 216162199b28c13a410421893ffa2e32 -> 
  custom:video-decoder-ogg-theora: a1e56fd34408186e4bbccfd4996cb3dc -> 
  custom:container-muxer-webm: aa71ff27fc2769a1b78a27578f13a17b -> 
  custom:container-demuxer-webm: 4f35f7cbe854078d1ac9338744f61a02 -> 
  custom:container-demuxer-ogg: 62fdf1f143b41e24485cea50d1cbac27 -> 
  custom:video-encoder-webm-vp8: eb34c28f22e8b96e1ab97ce403110664 -> 
  custom:video-decoder-webm-vp8: 9c59270c3fd7afecdb556c50c9e8de78 -> 
  custom:audio-decoder-ogg-vorbis: bf7c407c2cedff20999df2af8eb42d56 -> 
  custom:audio-encoder-webm-vorbis: bf7c407c2cedff20999df2af8eb42d56 -> 
========================================================================
Received Prepare
Registering precompiled user dll's ...
Registered in 0.002168 seconds.
Begin MonoManager ReloadAssembly
Native extension for WindowsStandalone target not found
Native extension for WebGL target not found
Refreshing native plugins compatible for Editor in 0.42 ms, found 2 plugins.
Preloading 0 native plugins for Editor in 0.00 ms.
Mono: successfully reloaded assembly
- Completed reload, in  0.910 seconds
Domain Reload Profiling:
	ReloadAssembly (910ms)
		BeginReloadAssembly (87ms)
			ExecutionOrderSort (0ms)
			DisableScriptedObjects (4ms)
			BackupInstance (0ms)
			ReleaseScriptingObjects (0ms)
			CreateAndSetChildDomain (27ms)
		EndReloadAssembly (768ms)
			LoadAssemblies (71ms)
			RebuildTransferFunctionScriptingTraits (0ms)
			SetupTypeCache (234ms)
			ReleaseScriptCaches (1ms)
			RebuildScriptCaches (33ms)
			SetupLoadedEditorAssemblies (348ms)
				LogAssemblyErrors (0ms)
				InitializePlatformSupportModulesInManaged (5ms)
				SetLoadedEditorAssemblies (0ms)
				RefreshPlugins (0ms)
				BeforeProcessingInitializeOnLoad (72ms)
				ProcessInitializeOnLoadAttributes (262ms)
				ProcessInitializeOnLoadMethodAttributes (3ms)
				AfterProcessingInitializeOnLoad (4ms)
				EditorAssembliesLoaded (0ms)
			ExecutionOrderSort2 (0ms)
			AwakeInstancesAfterBackupRestoration (5ms)
Platform modules already initialized, skipping
Refreshing native plugins compatible for Editor in 0.39 ms, found 2 plugins.
Preloading 0 native plugins for Editor in 0.00 ms.
Unloading 1733 Unused Serialized files (Serialized files now loaded: 0)
System memory in use before: 76.0 MB.
System memory in use after: 76.1 MB.

Unloading 16 unused Assets to reduce memory usage. Loaded Objects now: 2184.
Total: 2.296500 ms (FindLiveObjects: 0.152300 ms CreateObjectMapping: 0.038800 ms MarkObjects: 2.037500 ms  DeleteObjects: 0.067100 ms)

AssetImportParameters requested are different than current active one (requested -> active):
  custom:framework-win-MediaFoundation: 216162199b28c13a410421893ffa2e32 -> 
  custom:video-decoder-ogg-theora: a1e56fd34408186e4bbccfd4996cb3dc -> 
  custom:container-muxer-webm: aa71ff27fc2769a1b78a27578f13a17b -> 
  custom:container-demuxer-webm: 4f35f7cbe854078d1ac9338744f61a02 -> 
  custom:container-demuxer-ogg: 62fdf1f143b41e24485cea50d1cbac27 -> 
  custom:video-encoder-webm-vp8: eb34c28f22e8b96e1ab97ce403110664 -> 
  custom:video-decoder-webm-vp8: 9c59270c3fd7afecdb556c50c9e8de78 -> 
  custom:audio-decoder-ogg-vorbis: bf7c407c2cedff20999df2af8eb42d56 -> 
  custom:audio-encoder-webm-vorbis: bf7c407c2cedff20999df2af8eb42d56 -> 
========================================================================
Received Import Request.
  Time since last request: 70.985972 seconds.
  path: Assets/Scripts/MagicalFaceSwapper.cs
  artifactKey: Guid(6f0462820f9074647b68460a4fbbe585) Importer(815301076,1909f56bfc062723c751e8b465ee728b)
Start importing Assets/Scripts/MagicalFaceSwapper.cs using Guid(6f0462820f9074647b68460a4fbbe585) Importer(815301076,1909f56bfc062723c751e8b465ee728b)  -> (artifact id: '76dfe269e03f44d7e47c42eca8a37b36') in 0.005942 seconds 
  Import took 0.008463 seconds .

========================================================================
Received Import Request.
  Time since last request: 98.260807 seconds.
  path: Assets/Textures/baby-toys-seamless-texture-childrens-2348717.jpg
  artifactKey: Guid(3cf6d1d32ab3e2148bb8686ab1e9ae04) Importer(815301076,1909f56bfc062723c751e8b465ee728b)
Start importing Assets/Textures/baby-toys-seamless-texture-childrens-2348717.jpg using Guid(3cf6d1d32ab3e2148bb8686ab1e9ae04) Importer(815301076,1909f56bfc062723c751e8b465ee728b)  -> (artifact id: 'a33e13f8b19db97aaee530e0c938adad') in 0.061304 seconds 
  Import took 0.064013 seconds .

========================================================================
Received Import Request.
  Time since last request: 0.000178 seconds.
  path: Assets/Textures/images.png
  artifactKey: Guid(08049ba60a784784abd4332692009112) Importer(815301076,1909f56bfc062723c751e8b465ee728b)
Start importing Assets/Textures/images.png using Guid(08049ba60a784784abd4332692009112) Importer(815301076,1909f56bfc062723c751e8b465ee728b)  -> (artifact id: '3ef0701aea875f9735e16652a0887d2d') in 0.010603 seconds 
  Import took 0.013233 seconds .

========================================================================
Received Import Request.
  Time since last request: 0.000178 seconds.
  path: Assets/Textures/brick-wall-free-textures-01.jpg
  artifactKey: Guid(962f2b3e3e82f8846b2c9e0b339fa6d4) Importer(815301076,1909f56bfc062723c751e8b465ee728b)
Start importing Assets/Textures/brick-wall-free-textures-01.jpg using Guid(962f2b3e3e82f8846b2c9e0b339fa6d4) Importer(815301076,1909f56bfc062723c751e8b465ee728b)  -> (artifact id: '98a1e7ca953177528737742d5c7fd7c2') in 0.012131 seconds 
  Import took 0.014734 seconds .

========================================================================
Received Import Request.
  Time since last request: 0.000172 seconds.
  path: Assets/Textures/images.jpg
  artifactKey: Guid(9ace7e71166a8d643ab584c37df01715) Importer(815301076,1909f56bfc062723c751e8b465ee728b)
Start importing Assets/Textures/images.jpg using Guid(9ace7e71166a8d643ab584c37df01715) Importer(815301076,1909f56bfc062723c751e8b465ee728b)  -> (artifact id: '1ce8bfcc7f06febc610bd921d08a0bcf') in 0.009886 seconds 
  Import took 0.012257 seconds .

========================================================================
Received Import Request.
  Time since last request: 55.827814 seconds.
  path: Assets/Materials/Cartoon.mat
  artifactKey: Guid(8062b3396e9dc68469f7588f79ec85cc) Importer(815301076,1909f56bfc062723c751e8b465ee728b)
Start importing Assets/Materials/Cartoon.mat using Guid(8062b3396e9dc68469f7588f79ec85cc) Importer(815301076,1909f56bfc062723c751e8b465ee728b)  -> (artifact id: '923f7a6e3af5dd8c10c71b4abd3c2a01') in 0.054271 seconds 
  Import took 0.057153 seconds .

========================================================================
Received Import Request.
  Time since last request: 25.809695 seconds.
  path: Assets/Materials/Leaf.mat
  artifactKey: Guid(7ea7e252d02f54242baa5263c973ba85) Importer(815301076,1909f56bfc062723c751e8b465ee728b)
Start importing Assets/Materials/Leaf.mat using Guid(7ea7e252d02f54242baa5263c973ba85) Importer(815301076,1909f56bfc062723c751e8b465ee728b)  -> (artifact id: '86d3eb5f7d79f903af8126864918b94c') in 0.011639 seconds 
  Import took 0.014495 seconds .

========================================================================
Received Import Request.
  Time since last request: 30.287985 seconds.
  path: Assets/Materials/Brick.mat
  artifactKey: Guid(2f7c0c22f0370df4ba38af1a31d56bc5) Importer(815301076,1909f56bfc062723c751e8b465ee728b)
Start importing Assets/Materials/Brick.mat using Guid(2f7c0c22f0370df4ba38af1a31d56bc5) Importer(815301076,1909f56bfc062723c751e8b465ee728b)  -> (artifact id: 'fa9d2e4f84070f20a896551efce1bcf5') in 0.010589 seconds 
  Import took 0.013277 seconds .

========================================================================
Received Import Request.
  Time since last request: 32.495302 seconds.
  path: Assets/Materials/doodle.mat
  artifactKey: Guid(de19e2bd0d6730d4fa37092d61bb0ece) Importer(815301076,1909f56bfc062723c751e8b465ee728b)
Start importing Assets/Materials/doodle.mat using Guid(de19e2bd0d6730d4fa37092d61bb0ece) Importer(815301076,1909f56bfc062723c751e8b465ee728b)  -> (artifact id: '2f370a6ad275c7546ce5ee7b242aaaf0') in 0.017751 seconds 
  Import took 0.020442 seconds .

========================================================================
Received Import Request.
  Time since last request: 274.460567 seconds.
  path: Assets/Materials/Brick.mat
  artifactKey: Guid(2f7c0c22f0370df4ba38af1a31d56bc5) Importer(815301076,1909f56bfc062723c751e8b465ee728b)
Start importing Assets/Materials/Brick.mat using Guid(2f7c0c22f0370df4ba38af1a31d56bc5) Importer(815301076,1909f56bfc062723c751e8b465ee728b)  -> (artifact id: 'eb5bff3561436647b9847af3e8097f8d') in 0.012823 seconds 
  Import took 0.015730 seconds .

========================================================================
Received Import Request.
  Time since last request: 0.000134 seconds.
  path: Assets/Materials/doodle.mat
  artifactKey: Guid(de19e2bd0d6730d4fa37092d61bb0ece) Importer(815301076,1909f56bfc062723c751e8b465ee728b)
Start importing Assets/Materials/doodle.mat using Guid(de19e2bd0d6730d4fa37092d61bb0ece) Importer(815301076,1909f56bfc062723c751e8b465ee728b)  -> (artifact id: '504a359dfae5bdcde14624188b158937') in 0.013862 seconds 
  Import took 0.016236 seconds .

========================================================================
Received Import Request.
  Time since last request: 0.000168 seconds.
  path: Assets/Materials/Cartoon.mat
  artifactKey: Guid(8062b3396e9dc68469f7588f79ec85cc) Importer(815301076,1909f56bfc062723c751e8b465ee728b)
Start importing Assets/Materials/Cartoon.mat using Guid(8062b3396e9dc68469f7588f79ec85cc) Importer(815301076,1909f56bfc062723c751e8b465ee728b)  -> (artifact id: 'e0a40aa74b87e9e44c9e9026af425162') in 0.012522 seconds 
  Import took 0.014928 seconds .

========================================================================
Received Import Request.
  Time since last request: 0.000166 seconds.
  path: Assets/Materials/Leaf.mat
  artifactKey: Guid(7ea7e252d02f54242baa5263c973ba85) Importer(815301076,1909f56bfc062723c751e8b465ee728b)
Start importing Assets/Materials/Leaf.mat using Guid(7ea7e252d02f54242baa5263c973ba85) Importer(815301076,1909f56bfc062723c751e8b465ee728b)  -> (artifact id: '66e993ec6bd1e816701e384cdcc6e519') in 0.014440 seconds 
  Import took 0.016822 seconds .

========================================================================
Received Prepare
Registering precompiled user dll's ...
Registered in 0.001999 seconds.
Begin MonoManager ReloadAssembly
Native extension for WindowsStandalone target not found
Native extension for WebGL target not found
Refreshing native plugins compatible for Editor in 0.40 ms, found 2 plugins.
Preloading 0 native plugins for Editor in 0.00 ms.
Mono: successfully reloaded assembly
- Completed reload, in  0.913 seconds
Domain Reload Profiling:
	ReloadAssembly (913ms)
		BeginReloadAssembly (86ms)
			ExecutionOrderSort (0ms)
			DisableScriptedObjects (3ms)
			BackupInstance (0ms)
			ReleaseScriptingObjects (0ms)
			CreateAndSetChildDomain (27ms)
		EndReloadAssembly (773ms)
			LoadAssemblies (69ms)
			RebuildTransferFunctionScriptingTraits (0ms)
			SetupTypeCache (228ms)
			ReleaseScriptCaches (1ms)
			RebuildScriptCaches (33ms)
			SetupLoadedEditorAssemblies (346ms)
				LogAssemblyErrors (0ms)
				InitializePlatformSupportModulesInManaged (5ms)
				SetLoadedEditorAssemblies (0ms)
				RefreshPlugins (0ms)
				BeforeProcessingInitializeOnLoad (73ms)
				ProcessInitializeOnLoadAttributes (261ms)
				ProcessInitializeOnLoadMethodAttributes (3ms)
				AfterProcessingInitializeOnLoad (4ms)
				EditorAssembliesLoaded (0ms)
			ExecutionOrderSort2 (0ms)
			AwakeInstancesAfterBackupRestoration (5ms)
Platform modules already initialized, skipping
Switching build target platform(19) subTarget(0) extendedPlatform(0) -> platform(13) subTarget(537395200) extendedPlatform(0)
Refreshing native plugins compatible for Editor in 0.41 ms, found 2 plugins.
Preloading 0 native plugins for Editor in 0.00 ms.
Unloading 1737 Unused Serialized files (Serialized files now loaded: 0)
System memory in use before: 79.5 MB.
System memory in use after: 79.6 MB.

Unloading 16 unused Assets to reduce memory usage. Loaded Objects now: 2231.
Total: 2.076500 ms (FindLiveObjects: 0.185000 ms CreateObjectMapping: 0.045200 ms MarkObjects: 1.794300 ms  DeleteObjects: 0.051200 ms)

AssetImportParameters requested are different than current active one (requested -> active):
  custom:framework-win-MediaFoundation: 216162199b28c13a410421893ffa2e32 -> 
  custom:video-decoder-ogg-theora: a1e56fd34408186e4bbccfd4996cb3dc -> 
  custom:container-muxer-webm: aa71ff27fc2769a1b78a27578f13a17b -> 
  custom:container-demuxer-webm: 4f35f7cbe854078d1ac9338744f61a02 -> 
  custom:container-demuxer-ogg: 62fdf1f143b41e24485cea50d1cbac27 -> 
  custom:video-encoder-webm-vp8: eb34c28f22e8b96e1ab97ce403110664 -> 
  custom:video-decoder-webm-vp8: 9c59270c3fd7afecdb556c50c9e8de78 -> 
  custom:graphics/normal-map-encoding: 01000000000000000000000000000000 -> 02000000000000000000000000000000
  custom:audio-decoder-ogg-vorbis: bf7c407c2cedff20999df2af8eb42d56 -> 
  custom:audio-encoder-webm-vorbis: bf7c407c2cedff20999df2af8eb42d56 -> 
========================================================================
Received Prepare
Refreshing native plugins compatible for Editor in 1.77 ms, found 2 plugins.
Preloading 0 native plugins for Editor in 0.00 ms.
Unloading 13 Unused Serialized files (Serialized files now loaded: 0)
System memory in use before: 45.2 MB.
System memory in use after: 45.3 MB.

Unloading 13 unused Assets to reduce memory usage. Loaded Objects now: 2231.
Total: 2.044600 ms (FindLiveObjects: 0.144000 ms CreateObjectMapping: 0.036300 ms MarkObjects: 1.823100 ms  DeleteObjects: 0.040400 ms)

AssetImportParameters requested are different than current active one (requested -> active):
  custom:framework-win-MediaFoundation: 216162199b28c13a410421893ffa2e32 -> 
  custom:video-decoder-ogg-theora: a1e56fd34408186e4bbccfd4996cb3dc -> 
  custom:container-muxer-webm: aa71ff27fc2769a1b78a27578f13a17b -> 
  custom:container-demuxer-webm: 4f35f7cbe854078d1ac9338744f61a02 -> 
  custom:container-demuxer-ogg: 62fdf1f143b41e24485cea50d1cbac27 -> 
  custom:video-encoder-webm-vp8: eb34c28f22e8b96e1ab97ce403110664 -> 
  custom:video-decoder-webm-vp8: 9c59270c3fd7afecdb556c50c9e8de78 -> 
  custom:audio-decoder-ogg-vorbis: bf7c407c2cedff20999df2af8eb42d56 -> 
  custom:audio-encoder-webm-vorbis: bf7c407c2cedff20999df2af8eb42d56 -> 
========================================================================
Received Prepare
Switching build target platform(13) subTarget(537395200) extendedPlatform(0) -> platform(13) subTarget(524288) extendedPlatform(0)
Refreshing native plugins compatible for Editor in 1.90 ms, found 2 plugins.
Preloading 0 native plugins for Editor in 0.00 ms.
Unloading 13 Unused Serialized files (Serialized files now loaded: 0)
System memory in use before: 45.2 MB.
System memory in use after: 45.3 MB.

Unloading 13 unused Assets to reduce memory usage. Loaded Objects now: 2231.
Total: 2.196800 ms (FindLiveObjects: 0.171900 ms CreateObjectMapping: 0.035800 ms MarkObjects: 1.935000 ms  DeleteObjects: 0.053700 ms)

AssetImportParameters requested are different than current active one (requested -> active):
  buildTarget: platform 13, subtarget 524288, extendedPlatform 0 -> platform 13, subtarget 537395200, extendedPlatform 0
  graphicsApiMask: 2048 -> 2099200
  custom:framework-win-MediaFoundation: 216162199b28c13a410421893ffa2e32 -> 
  custom:video-decoder-ogg-theora: a1e56fd34408186e4bbccfd4996cb3dc -> 
  custom:container-muxer-webm: aa71ff27fc2769a1b78a27578f13a17b -> 
  custom:container-demuxer-webm: 4f35f7cbe854078d1ac9338744f61a02 -> 
  custom:container-demuxer-ogg: 62fdf1f143b41e24485cea50d1cbac27 -> 
  custom:video-encoder-webm-vp8: eb34c28f22e8b96e1ab97ce403110664 -> 
  custom:video-decoder-webm-vp8: 9c59270c3fd7afecdb556c50c9e8de78 -> 
  custom:audio-decoder-ogg-vorbis: bf7c407c2cedff20999df2af8eb42d56 -> 
  custom:audio-encoder-webm-vorbis: bf7c407c2cedff20999df2af8eb42d56 -> 
========================================================================
Received Prepare
Refreshing native plugins compatible for Editor in 1.88 ms, found 2 plugins.
Preloading 0 native plugins for Editor in 0.00 ms.
Unloading 13 Unused Serialized files (Serialized files now loaded: 0)
System memory in use before: 45.2 MB.
System memory in use after: 45.3 MB.

Unloading 12 unused Assets to reduce memory usage. Loaded Objects now: 2232.
Total: 2.395900 ms (FindLiveObjects: 0.188600 ms CreateObjectMapping: 0.039600 ms MarkObjects: 2.107600 ms  DeleteObjects: 0.059500 ms)

AssetImportParameters requested are different than current active one (requested -> active):
  custom:framework-win-MediaFoundation: 216162199b28c13a410421893ffa2e32 -> 
  custom:video-decoder-ogg-theora: a1e56fd34408186e4bbccfd4996cb3dc -> 
  custom:container-muxer-webm: aa71ff27fc2769a1b78a27578f13a17b -> 
  custom:container-demuxer-webm: 4f35f7cbe854078d1ac9338744f61a02 -> 
  custom:container-demuxer-ogg: 62fdf1f143b41e24485cea50d1cbac27 -> 
  custom:video-encoder-webm-vp8: eb34c28f22e8b96e1ab97ce403110664 -> 
  custom:video-decoder-webm-vp8: 9c59270c3fd7afecdb556c50c9e8de78 -> 
  custom:audio-decoder-ogg-vorbis: bf7c407c2cedff20999df2af8eb42d56 -> 
  custom:audio-encoder-webm-vorbis: bf7c407c2cedff20999df2af8eb42d56 -> 
========================================================================
Received Import Request.
  Time since last request: 812.383381 seconds.
  path: Assets/Prefabs/FacePrefab.prefab
  artifactKey: Guid(b9887c363fd490d408a8917b8f0fe69a) Importer(815301076,1909f56bfc062723c751e8b465ee728b)
Start importing Assets/Prefabs/FacePrefab.prefab using Guid(b9887c363fd490d408a8917b8f0fe69a) Importer(815301076,1909f56bfc062723c751e8b465ee728b)  -> (artifact id: 'e45b0157270bf5aef768d5ff9fee8e5c') in 0.022164 seconds 
  Import took 0.025164 seconds .

========================================================================
Received Import Request.
  Time since last request: 219.951308 seconds.
  path: Assets/Textures/images.png
  artifactKey: Guid(08049ba60a784784abd4332692009112) Importer(815301076,1909f56bfc062723c751e8b465ee728b)
Start importing Assets/Textures/images.png using Guid(08049ba60a784784abd4332692009112) Importer(815301076,1909f56bfc062723c751e8b465ee728b)  -> (artifact id: 'c15894977744697a037ca1da37be44ad') in 0.028746 seconds 
  Import took 0.031708 seconds .

========================================================================
Received Import Request.
  Time since last request: 827.584310 seconds.
  path: Assets/Scenes/SampleScene.unity
  artifactKey: Guid(9fc0d4010bbf28b4594072e72b8655ab) Importer(815301076,1909f56bfc062723c751e8b465ee728b)
Start importing Assets/Scenes/SampleScene.unity using Guid(9fc0d4010bbf28b4594072e72b8655ab) Importer(815301076,1909f56bfc062723c751e8b465ee728b)  -> (artifact id: '5885c2ea902e8d2b808d1c8c4e45d8e4') in 0.006813 seconds 
  Import took 0.009741 seconds .

========================================================================
Received Import Request.
  Time since last request: 6.016127 seconds.
  path: Assets/Textures/baby-toys-seamless-texture-childrens-2348717.jpg
  artifactKey: Guid(3cf6d1d32ab3e2148bb8686ab1e9ae04) Importer(815301076,1909f56bfc062723c751e8b465ee728b)
Start importing Assets/Textures/baby-toys-seamless-texture-childrens-2348717.jpg using Guid(3cf6d1d32ab3e2148bb8686ab1e9ae04) Importer(815301076,1909f56bfc062723c751e8b465ee728b)  -> (artifact id: '2ac9527b45a8cd7b2ec5864e2414dc05') in 0.027855 seconds 
  Import took 0.030602 seconds .

========================================================================
Received Import Request.
  Time since last request: 0.000202 seconds.
  path: Assets/Textures/brick-wall-free-textures-01.jpg
  artifactKey: Guid(962f2b3e3e82f8846b2c9e0b339fa6d4) Importer(815301076,1909f56bfc062723c751e8b465ee728b)
Start importing Assets/Textures/brick-wall-free-textures-01.jpg using Guid(962f2b3e3e82f8846b2c9e0b339fa6d4) Importer(815301076,1909f56bfc062723c751e8b465ee728b)  -> (artifact id: '015dd9e6ebd587a314dbba03dc22cd30') in 0.045308 seconds 
  Import took 0.047966 seconds .

========================================================================
Received Import Request.
  Time since last request: 0.000173 seconds.
  path: Assets/Textures/images.jpg
  artifactKey: Guid(9ace7e71166a8d643ab584c37df01715) Importer(815301076,1909f56bfc062723c751e8b465ee728b)
Start importing Assets/Textures/images.jpg using Guid(9ace7e71166a8d643ab584c37df01715) Importer(815301076,1909f56bfc062723c751e8b465ee728b)  -> (artifact id: '6abedf9e567682eda5646c46e821576b') in 0.009417 seconds 
  Import took 0.012152 seconds .

========================================================================
Received Prepare
Refreshing native plugins compatible for Editor in 1.95 ms, found 2 plugins.
Preloading 0 native plugins for Editor in 0.00 ms.
Unloading 12 Unused Serialized files (Serialized files now loaded: 0)
System memory in use before: 45.3 MB.
System memory in use after: 45.4 MB.

Unloading 12 unused Assets to reduce memory usage. Loaded Objects now: 2232.
Total: 2.742100 ms (FindLiveObjects: 0.188200 ms CreateObjectMapping: 0.045100 ms MarkObjects: 2.467600 ms  DeleteObjects: 0.040400 ms)

AssetImportParameters requested are different than current active one (requested -> active):
  custom:framework-win-MediaFoundation: 216162199b28c13a410421893ffa2e32 -> 
  custom:video-decoder-ogg-theora: a1e56fd34408186e4bbccfd4996cb3dc -> 
  custom:container-muxer-webm: aa71ff27fc2769a1b78a27578f13a17b -> 
  custom:container-demuxer-webm: 4f35f7cbe854078d1ac9338744f61a02 -> 
  custom:container-demuxer-ogg: 62fdf1f143b41e24485cea50d1cbac27 -> 
  custom:video-encoder-webm-vp8: eb34c28f22e8b96e1ab97ce403110664 -> 
  custom:video-decoder-webm-vp8: 9c59270c3fd7afecdb556c50c9e8de78 -> 
  custom:audio-decoder-ogg-vorbis: bf7c407c2cedff20999df2af8eb42d56 -> 
  custom:audio-encoder-webm-vorbis: bf7c407c2cedff20999df2af8eb42d56 -> 
========================================================================
Received Prepare
Refreshing native plugins compatible for Editor in 1.96 ms, found 2 plugins.
Preloading 0 native plugins for Editor in 0.00 ms.
Unloading 12 Unused Serialized files (Serialized files now loaded: 0)
System memory in use before: 45.2 MB.
System memory in use after: 45.3 MB.

Unloading 12 unused Assets to reduce memory usage. Loaded Objects now: 2232.
Total: 2.487800 ms (FindLiveObjects: 0.168800 ms CreateObjectMapping: 0.036100 ms MarkObjects: 2.243000 ms  DeleteObjects: 0.039100 ms)

AssetImportParameters requested are different than current active one (requested -> active):
  custom:framework-win-MediaFoundation: 216162199b28c13a410421893ffa2e32 -> 
  custom:video-decoder-ogg-theora: a1e56fd34408186e4bbccfd4996cb3dc -> 
  custom:container-muxer-webm: aa71ff27fc2769a1b78a27578f13a17b -> 
  custom:container-demuxer-webm: 4f35f7cbe854078d1ac9338744f61a02 -> 
  custom:container-demuxer-ogg: 62fdf1f143b41e24485cea50d1cbac27 -> 
  custom:video-encoder-webm-vp8: eb34c28f22e8b96e1ab97ce403110664 -> 
  custom:video-decoder-webm-vp8: 9c59270c3fd7afecdb556c50c9e8de78 -> 
  custom:audio-decoder-ogg-vorbis: bf7c407c2cedff20999df2af8eb42d56 -> 
  custom:audio-encoder-webm-vorbis: bf7c407c2cedff20999df2af8eb42d56 -> 
========================================================================
Received Prepare
Refreshing native plugins compatible for Editor in 1.94 ms, found 2 plugins.
Preloading 0 native plugins for Editor in 0.00 ms.
Unloading 12 Unused Serialized files (Serialized files now loaded: 0)
System memory in use before: 45.2 MB.
System memory in use after: 45.3 MB.

Unloading 12 unused Assets to reduce memory usage. Loaded Objects now: 2232.
Total: 2.815700 ms (FindLiveObjects: 0.172300 ms CreateObjectMapping: 0.036600 ms MarkObjects: 2.552200 ms  DeleteObjects: 0.054100 ms)

AssetImportParameters requested are different than current active one (requested -> active):
  custom:framework-win-MediaFoundation: 216162199b28c13a410421893ffa2e32 -> 
  custom:video-decoder-ogg-theora: a1e56fd34408186e4bbccfd4996cb3dc -> 
  custom:container-muxer-webm: aa71ff27fc2769a1b78a27578f13a17b -> 
  custom:container-demuxer-webm: 4f35f7cbe854078d1ac9338744f61a02 -> 
  custom:container-demuxer-ogg: 62fdf1f143b41e24485cea50d1cbac27 -> 
  custom:video-encoder-webm-vp8: eb34c28f22e8b96e1ab97ce403110664 -> 
  custom:video-decoder-webm-vp8: 9c59270c3fd7afecdb556c50c9e8de78 -> 
  custom:audio-decoder-ogg-vorbis: bf7c407c2cedff20999df2af8eb42d56 -> 
  custom:audio-encoder-webm-vorbis: bf7c407c2cedff20999df2af8eb42d56 -> 
========================================================================
Received Prepare
Refreshing native plugins compatible for Editor in 2.02 ms, found 2 plugins.
Preloading 0 native plugins for Editor in 0.00 ms.
Unloading 12 Unused Serialized files (Serialized files now loaded: 0)
System memory in use before: 45.2 MB.
System memory in use after: 45.3 MB.

Unloading 12 unused Assets to reduce memory usage. Loaded Objects now: 2232.
Total: 2.800000 ms (FindLiveObjects: 0.190600 ms CreateObjectMapping: 0.037900 ms MarkObjects: 2.523000 ms  DeleteObjects: 0.047600 ms)

AssetImportParameters requested are different than current active one (requested -> active):
  custom:framework-win-MediaFoundation: 216162199b28c13a410421893ffa2e32 -> 
  custom:video-decoder-ogg-theora: a1e56fd34408186e4bbccfd4996cb3dc -> 
  custom:container-muxer-webm: aa71ff27fc2769a1b78a27578f13a17b -> 
  custom:container-demuxer-webm: 4f35f7cbe854078d1ac9338744f61a02 -> 
  custom:container-demuxer-ogg: 62fdf1f143b41e24485cea50d1cbac27 -> 
  custom:video-encoder-webm-vp8: eb34c28f22e8b96e1ab97ce403110664 -> 
  custom:video-decoder-webm-vp8: 9c59270c3fd7afecdb556c50c9e8de78 -> 
  custom:audio-decoder-ogg-vorbis: bf7c407c2cedff20999df2af8eb42d56 -> 
  custom:audio-encoder-webm-vorbis: bf7c407c2cedff20999df2af8eb42d56 -> 
========================================================================
Received Prepare
Refreshing native plugins compatible for Editor in 1.95 ms, found 2 plugins.
Preloading 0 native plugins for Editor in 0.00 ms.
Unloading 12 Unused Serialized files (Serialized files now loaded: 0)
System memory in use before: 45.2 MB.
System memory in use after: 45.3 MB.

Unloading 12 unused Assets to reduce memory usage. Loaded Objects now: 2232.
Total: 2.791700 ms (FindLiveObjects: 0.175300 ms CreateObjectMapping: 0.037400 ms MarkObjects: 2.521100 ms  DeleteObjects: 0.057100 ms)

AssetImportParameters requested are different than current active one (requested -> active):
  custom:framework-win-MediaFoundation: 216162199b28c13a410421893ffa2e32 -> 
  custom:video-decoder-ogg-theora: a1e56fd34408186e4bbccfd4996cb3dc -> 
  custom:container-muxer-webm: aa71ff27fc2769a1b78a27578f13a17b -> 
  custom:container-demuxer-webm: 4f35f7cbe854078d1ac9338744f61a02 -> 
  custom:container-demuxer-ogg: 62fdf1f143b41e24485cea50d1cbac27 -> 
  custom:video-encoder-webm-vp8: eb34c28f22e8b96e1ab97ce403110664 -> 
  custom:video-decoder-webm-vp8: 9c59270c3fd7afecdb556c50c9e8de78 -> 
  custom:audio-decoder-ogg-vorbis: bf7c407c2cedff20999df2af8eb42d56 -> 
  custom:audio-encoder-webm-vorbis: bf7c407c2cedff20999df2af8eb42d56 -> 
========================================================================
Received Import Request.
  Time since last request: 3923.738216 seconds.
  path: Assets/Prefabs/FacePrefab.prefab
  artifactKey: Guid(b9887c363fd490d408a8917b8f0fe69a) Importer(815301076,1909f56bfc062723c751e8b465ee728b)
Start importing Assets/Prefabs/FacePrefab.prefab using Guid(b9887c363fd490d408a8917b8f0fe69a) Importer(815301076,1909f56bfc062723c751e8b465ee728b)  -> (artifact id: '3b472da5d4f684d86b912c0f81a09b84') in 0.024831 seconds 
  Import took 0.028722 seconds .

========================================================================
Received Prepare
Refreshing native plugins compatible for Editor in 2.02 ms, found 2 plugins.
Preloading 0 native plugins for Editor in 0.00 ms.
Unloading 12 Unused Serialized files (Serialized files now loaded: 0)
System memory in use before: 45.3 MB.
System memory in use after: 45.3 MB.

Unloading 12 unused Assets to reduce memory usage. Loaded Objects now: 2232.
Total: 3.836600 ms (FindLiveObjects: 0.344400 ms CreateObjectMapping: 0.052700 ms MarkObjects: 3.379400 ms  DeleteObjects: 0.058500 ms)

AssetImportParameters requested are different than current active one (requested -> active):
  custom:framework-win-MediaFoundation: 216162199b28c13a410421893ffa2e32 -> 
  custom:video-decoder-ogg-theora: a1e56fd34408186e4bbccfd4996cb3dc -> 
  custom:container-muxer-webm: aa71ff27fc2769a1b78a27578f13a17b -> 
  custom:container-demuxer-webm: 4f35f7cbe854078d1ac9338744f61a02 -> 
  custom:container-demuxer-ogg: 62fdf1f143b41e24485cea50d1cbac27 -> 
  custom:video-encoder-webm-vp8: eb34c28f22e8b96e1ab97ce403110664 -> 
  custom:video-decoder-webm-vp8: 9c59270c3fd7afecdb556c50c9e8de78 -> 
  custom:audio-decoder-ogg-vorbis: bf7c407c2cedff20999df2af8eb42d56 -> 
  custom:audio-encoder-webm-vorbis: bf7c407c2cedff20999df2af8eb42d56 -> 
AssetImportWorkerClient::OnTransportError - code=2 error=End of file
